2022-11-04T11:40:51+00:00 CRITICAL Uncaught Error: Call to a member function update_meta() on bool in C:\xampp\htdocs\octravels\wp-content\plugins\elementor-pro\modules\theme-builder\classes\conditions-manager.php:294
Stack trace:
#0 C:\xampp\htdocs\octravels\wp-content\plugins\elementor-pro\modules\theme-builder\classes\conditions-manager.php(167): ElementorPro\Modules\ThemeBuilder\Classes\Conditions_Manager->save_conditions(NULL, Array)
#1 [internal function]: ElementorPro\Modules\ThemeBuilder\Classes\Conditions_Manager->ajax_save_theme_template_conditions(Array, Object(Elementor\Core\Common\Modules\Ajax\Module))
#2 C:\xampp\htdocs\octravels\wp-content\plugins\elementor\core\common\modules\ajax\module.php(171): call_user_func(Array, Array, Object(Elementor\Core\Common\Modules\Ajax\Module))
#3 C:\xampp\htdocs\octravels\wp-includes\class-wp-hook.php(308): Elementor\Core\Common\Modules\Ajax\Module->handle_ajax_request('')
#4 C:\xampp\htdocs\octravels\wp-includes\class-wp-hook.php(332): WP_Hook->apply_filters('', Array)
#5 C:\xampp\htdocs\octravels\wp-includes\plugin.php(517): WP_Hook->do_action(Array)
#6 C:\xampp\htdocs\octravels\wp-admin\admin-ajax.php(188): do_action('wp_ajax_element...')
#7 {main}
  thrown in C:\xampp\htdocs\octravels\wp-content\plugins\elementor-pro\modules\theme-builder\classes\conditions-manager.php on line 294

2022-11-04T11:50:59+00:00 CRITICAL Uncaught Error: Call to a member function update_meta() on bool in C:\xampp\htdocs\octravels\wp-content\plugins\elementor-pro\modules\theme-builder\classes\conditions-manager.php:294
Stack trace:
#0 C:\xampp\htdocs\octravels\wp-content\plugins\elementor-pro\modules\theme-builder\classes\conditions-manager.php(167): ElementorPro\Modules\ThemeBuilder\Classes\Conditions_Manager->save_conditions(NULL, Array)
#1 [internal function]: ElementorPro\Modules\ThemeBuilder\Classes\Conditions_Manager->ajax_save_theme_template_conditions(Array, Object(Elementor\Core\Common\Modules\Ajax\Module))
#2 C:\xampp\htdocs\octravels\wp-content\plugins\elementor\core\common\modules\ajax\module.php(171): call_user_func(Array, Array, Object(Elementor\Core\Common\Modules\Ajax\Module))
#3 C:\xampp\htdocs\octravels\wp-includes\class-wp-hook.php(308): Elementor\Core\Common\Modules\Ajax\Module->handle_ajax_request('')
#4 C:\xampp\htdocs\octravels\wp-includes\class-wp-hook.php(332): WP_Hook->apply_filters('', Array)
#5 C:\xampp\htdocs\octravels\wp-includes\plugin.php(517): WP_Hook->do_action(Array)
#6 C:\xampp\htdocs\octravels\wp-admin\admin-ajax.php(188): do_action('wp_ajax_element...')
#7 {main}
  thrown in C:\xampp\htdocs\octravels\wp-content\plugins\elementor-pro\modules\theme-builder\classes\conditions-manager.php on line 294

2022-11-04T12:01:05+00:00 CRITICAL Uncaught Error: Call to a member function update_meta() on null in C:\xampp\htdocs\octravels\wp-content\plugins\elementor-pro\modules\theme-builder\classes\conditions-manager.php:294
Stack trace:
#0 C:\xampp\htdocs\octravels\wp-content\plugins\elementor-pro\modules\theme-builder\classes\conditions-manager.php(167): ElementorPro\Modules\ThemeBuilder\Classes\Conditions_Manager->save_conditions(172, Array)
#1 [internal function]: ElementorPro\Modules\ThemeBuilder\Classes\Conditions_Manager->ajax_save_theme_template_conditions(Array, Object(Elementor\Core\Common\Modules\Ajax\Module))
#2 C:\xampp\htdocs\octravels\wp-content\plugins\elementor\core\common\modules\ajax\module.php(171): call_user_func(Array, Array, Object(Elementor\Core\Common\Modules\Ajax\Module))
#3 C:\xampp\htdocs\octravels\wp-includes\class-wp-hook.php(308): Elementor\Core\Common\Modules\Ajax\Module->handle_ajax_request('')
#4 C:\xampp\htdocs\octravels\wp-includes\class-wp-hook.php(332): WP_Hook->apply_filters('', Array)
#5 C:\xampp\htdocs\octravels\wp-includes\plugin.php(517): WP_Hook->do_action(Array)
#6 C:\xampp\htdocs\octravels\wp-admin\admin-ajax.php(188): do_action('wp_ajax_element...')
#7 {main}
  thrown in C:\xampp\htdocs\octravels\wp-content\plugins\elementor-pro\modules\theme-builder\classes\conditions-manager.php on line 294

